{"level":"warn","message":"Validation failed","metadata":{"metadata":{"code":"ERR_VAL_INVALID_PAYLOAD","errors":[{"field":"email","message":"Invalid email format"},{"field":"password","message":"Invalid input: expected string, received undefined"}],"requestId":"a6fa6968-7cc6-4c71-8511-7dfa5aab5621"},"timestamp":"2026-04-01 08:22:29"}}
{"level":"warn","message":"Access denied: no valid token provided","metadata":{"metadata":{"requestId":"7138b0d9-b08d-439f-af44-07ac4bc8b90b"},"timestamp":"2026-04-01 08:22:29"}}
{"level":"warn","message":"Access denied: no valid token provided","metadata":{"metadata":{"requestId":"41f777a1-31e9-4e24-b43b-afe07edb509a"},"timestamp":"2026-04-01 08:22:29"}}
{"level":"warn","message":"Access denied: no valid token provided","metadata":{"metadata":{"requestId":"e2befdaa-5a29-4aae-8728-2cb0fd0eaba0"},"timestamp":"2026-04-01 08:22:29"}}
{"level":"warn","message":"Audit access denied: non-admin user","metadata":{"metadata":{"requestId":"1c0b8294-df31-434d-b72b-f7d4e390ee89","userId":7},"timestamp":"2026-04-01 08:22:29"}}
{"level":"info","message":"User created","metadata":{"metadata":{"email":"integration.pvt.1775049748937@opstrack.mil","requestId":"f3d9cadd-092b-4203-98b3-4e9299ecfa70","userId":121},"timestamp":"2026-04-01 08:22:29"}}
{"level":"warn","message":"Access denied: insufficient clearance","metadata":{"metadata":{"requestId":"9dcd1bcc-296e-4c53-99dc-e774294d2fde","requiredClearance":"SECRET","userClearance":"UNCLASSIFIED","userId":121},"timestamp":"2026-04-01 08:22:29"}}
{"level":"info","message":"User created","metadata":{"metadata":{"email":"integration.dup.1775049748937@opstrack.mil","requestId":"ccc1627c-0937-4f88-8ff2-785a6de26cbe","userId":122},"timestamp":"2026-04-01 08:22:29"}}
{"level":"warn","message":"User creation failed: duplicate email","metadata":{"metadata":{"email":"integration.dup.1775049748937@opstrack.mil","requestId":"6d434241-3844-4a8c-be2b-6421c0849592"},"timestamp":"2026-04-01 08:22:29"}}
{"level":"warn","message":"Task not found","metadata":{"metadata":{"requestId":"95ec32e6-53cc-4bca-81db-6077d11de451","taskId":"999999","userId":7},"timestamp":"2026-04-01 08:22:29"}}
{"level":"warn","message":"Task not found during update","metadata":{"metadata":{"requestId":"9a12b11e-72d3-4865-b6cb-ff027f232aed","taskId":"999999","userId":7},"timestamp":"2026-04-01 08:22:29"}}
{"level":"warn","message":"Task not found during delete","metadata":{"metadata":{"requestId":"96b09b88-c551-4882-a962-02d9a6283ae3","taskId":"999999","userId":8},"timestamp":"2026-04-01 08:22:29"}}
{"level":"warn","message":"Access denied: insufficient role","metadata":{"metadata":{"requestId":"0db20f4b-647b-4a6b-9764-ae99246cd7c0","requiredRole":"ADMIN","userId":7,"userRole":"MEMBER"},"timestamp":"2026-04-01 08:22:29"}}
{"level":"warn","message":"User not found","metadata":{"metadata":{"requestId":"fb9c1f5c-bcc8-4fb3-8f89-0d48efea644c","requesterId":8,"userId":"999999"},"timestamp":"2026-04-01 08:22:29"}}
{"level":"info","message":"User created","metadata":{"metadata":{"email":"integration.updateable.1775049748937@opstrack.mil","requestId":"c1af6317-5909-44bd-bad7-aeab12079d33","userId":124},"timestamp":"2026-04-01 08:22:29"}}
{"level":"info","message":"User updated","metadata":{"metadata":{"requestId":"44aa35b7-af8e-4c75-bece-b6844f5fccc5","updatedBy":8,"userId":"124"},"timestamp":"2026-04-01 08:22:29"}}
{"level":"info","message":"User created","metadata":{"metadata":{"email":"integration.deactivate.1775049748937@opstrack.mil","requestId":"0587cc3e-4a3c-4baf-bec2-f9d60b19c974","userId":125},"timestamp":"2026-04-01 08:22:29"}}
{"level":"info","message":"User updated","metadata":{"metadata":{"requestId":"76565d61-2fab-4632-bece-ca57e6af6a60","updatedBy":8,"userId":"125"},"timestamp":"2026-04-01 08:22:29"}}
{"level":"warn","message":"Access denied: insufficient role","metadata":{"metadata":{"requestId":"9c24c827-f2d0-485d-a633-fbae1abc1768","requiredRole":"ADMIN","userId":7,"userRole":"MEMBER"},"timestamp":"2026-04-01 08:22:29"}}
{"level":"info","message":"OpsTrack Server is running on port 5000","metadata":{"metadata":{"environment":"production","port":"5000"},"timestamp":"2026-04-01 08:42:12"}}
{"level":"error","message":"Unhandled error","metadata":{"metadata":{"code":"23514","error":"new row for relation \"tasks\" violates check constraint \"check_task_status\"","method":"PATCH","path":"/api/tasks/73","requestId":"11944fc6-e253-4a80-a800-cffb0d07fc96","stack":"error: new row for relation \"tasks\" violates check constraint \"check_task_status\"\n    at C:\\Users\\Mills\\Desktop\\Projects\\APIs\\OpsTrack-api\\node_modules\\pg\\lib\\client.js:631:17\n    at process.processTicksAndRejections (node:internal/process/task_queues:105:5)\n    at async updateTask (file:///C:/Users/Mills/Desktop/Projects/APIs/OpsTrack-api/repositories/taskRepository.js:213:18)\n    at async updateTask (file:///C:/Users/Mills/Desktop/Projects/APIs/OpsTrack-api/services/taskService.js:127:25)\n    at async updateTask (file:///C:/Users/Mills/Desktop/Projects/APIs/OpsTrack-api/controllers/taskController.js:141:25)","userId":8},"timestamp":"2026-04-01 08:44:01"}}
{"level":"warn","message":"Access denied: no valid token provided","metadata":{"metadata":{"requestId":"f8afe717-ffa2-4900-a7cb-79b28f6c61ba"},"timestamp":"2026-04-01 08:44:02"}}
{"level":"error","message":"Unhandled error","metadata":{"metadata":{"code":"23514","error":"new row for relation \"tasks\" violates check constraint \"check_task_status\"","method":"PATCH","path":"/api/tasks/74","requestId":"179f3596-03ba-48f8-8c66-b3f35930496a","stack":"error: new row for relation \"tasks\" violates check constraint \"check_task_status\"\n    at C:\\Users\\Mills\\Desktop\\Projects\\APIs\\OpsTrack-api\\node_modules\\pg\\lib\\client.js:631:17\n    at process.processTicksAndRejections (node:internal/process/task_queues:105:5)\n    at async updateTask (file:///C:/Users/Mills/Desktop/Projects/APIs/OpsTrack-api/repositories/taskRepository.js:213:18)\n    at async updateTask (file:///C:/Users/Mills/Desktop/Projects/APIs/OpsTrack-api/services/taskService.js:127:25)\n    at async updateTask (file:///C:/Users/Mills/Desktop/Projects/APIs/OpsTrack-api/controllers/taskController.js:141:25)","userId":8},"timestamp":"2026-04-01 08:44:39"}}
{"level":"warn","message":"Access denied: no valid token provided","metadata":{"metadata":{"requestId":"9cf599a6-457f-42aa-96f1-3afbcb2cf375"},"timestamp":"2026-04-01 08:44:39"}}
{"level":"error","message":"Unhandled error","metadata":{"metadata":{"code":"23514","error":"new row for relation \"tasks\" violates check constraint \"check_task_status\"","method":"PATCH","path":"/api/tasks/75","requestId":"f6db5b35-64ad-4a16-bc1a-25a690772d31","stack":"error: new row for relation \"tasks\" violates check constraint \"check_task_status\"\n    at C:\\Users\\Mills\\Desktop\\Projects\\APIs\\OpsTrack-api\\node_modules\\pg\\lib\\client.js:631:17\n    at process.processTicksAndRejections (node:internal/process/task_queues:105:5)\n    at async updateTask (file:///C:/Users/Mills/Desktop/Projects/APIs/OpsTrack-api/repositories/taskRepository.js:213:18)\n    at async updateTask (file:///C:/Users/Mills/Desktop/Projects/APIs/OpsTrack-api/services/taskService.js:127:25)\n    at async updateTask (file:///C:/Users/Mills/Desktop/Projects/APIs/OpsTrack-api/controllers/taskController.js:141:25)","userId":8},"timestamp":"2026-04-01 08:45:02"}}
{"level":"warn","message":"Validation failed","metadata":{"metadata":{"code":"ERR_VAL_INVALID_PAYLOAD","errors":[{"field":"status","message":"Invalid option: expected one of \"PENDING\"|\"IN_PROGRESS\"|\"COMPLETED\"|\"ARCHIVED\""}],"requestId":"22c3f7fa-e7d2-4023-878d-c798f6e8164a","userId":8},"timestamp":"2026-04-01 08:45:28"}}
{"level":"warn","message":"Access denied: no valid token provided","metadata":{"metadata":{"requestId":"a75acbb5-d152-4fd8-88bc-f5be0d7f6edb"},"timestamp":"2026-04-01 08:45:28"}}
{"level":"info","message":"OpsTrack Server is running on port 5000","metadata":{"metadata":{"environment":"production","port":"5000"},"timestamp":"2026-04-01 08:46:32"}}
{"level":"warn","message":"Validation failed","metadata":{"metadata":{"code":"ERR_VAL_INVALID_PAYLOAD","errors":[{"field":"email","message":"Invalid email format"},{"field":"password","message":"Invalid input: expected string, received undefined"}],"requestId":"f18676cf-cbdb-4490-a6ca-132c3e395b47"},"timestamp":"2026-04-01 08:47:01"}}
{"level":"warn","message":"Access denied: no valid token provided","metadata":{"metadata":{"requestId":"34102cbe-ac3b-4d1d-b930-ae06832d3456"},"timestamp":"2026-04-01 08:47:01"}}
{"level":"warn","message":"Access denied: no valid token provided","metadata":{"metadata":{"requestId":"d8fc8f3d-3cc1-4895-a422-70feca97c627"},"timestamp":"2026-04-01 08:47:01"}}
{"level":"warn","message":"Access denied: no valid token provided","metadata":{"metadata":{"requestId":"3cd9e141-79e0-4841-908c-b65047c90b11"},"timestamp":"2026-04-01 08:47:01"}}
{"level":"warn","message":"Audit access denied: non-admin user","metadata":{"metadata":{"requestId":"22277891-33cd-457e-b256-70a087848618","userId":7},"timestamp":"2026-04-01 08:47:01"}}
{"level":"info","message":"User created","metadata":{"metadata":{"email":"integration.pvt.1775051221053@opstrack.mil","requestId":"18050e47-cc9b-4e26-bfa2-f0886e60012e","userId":126},"timestamp":"2026-04-01 08:47:01"}}
{"level":"warn","message":"Access denied: insufficient clearance","metadata":{"metadata":{"requestId":"502bd0b9-ef04-4aac-90a8-5596c8738a4a","requiredClearance":"SECRET","userClearance":"UNCLASSIFIED","userId":126},"timestamp":"2026-04-01 08:47:01"}}
{"level":"info","message":"User created","metadata":{"metadata":{"email":"integration.dup.1775051221053@opstrack.mil","requestId":"83315983-50d5-42cd-a482-8054e0c060e7","userId":127},"timestamp":"2026-04-01 08:47:01"}}
{"level":"warn","message":"User creation failed: duplicate email","metadata":{"metadata":{"email":"integration.dup.1775051221053@opstrack.mil","requestId":"58d5dcfc-1e53-4597-bedf-7c5e1c4046f8"},"timestamp":"2026-04-01 08:47:01"}}
{"level":"warn","message":"Task not found","metadata":{"metadata":{"requestId":"6098a332-8ed6-4446-ab8b-c7ed6c14cff2","taskId":"999999","userId":7},"timestamp":"2026-04-01 08:47:01"}}
{"level":"warn","message":"Task not found during update","metadata":{"metadata":{"requestId":"e04b02af-37cf-4ee9-93b5-abb77f818445","taskId":"999999","userId":7},"timestamp":"2026-04-01 08:47:01"}}
{"level":"warn","message":"Task not found during delete","metadata":{"metadata":{"requestId":"3933717c-214d-4222-b2fe-f64bb908022d","taskId":"999999","userId":8},"timestamp":"2026-04-01 08:47:01"}}
{"level":"warn","message":"Access denied: insufficient role","metadata":{"metadata":{"requestId":"22342f0b-ea71-42f3-8f42-7baa8b50176b","requiredRole":"ADMIN","userId":7,"userRole":"MEMBER"},"timestamp":"2026-04-01 08:47:01"}}
{"level":"warn","message":"User not found","metadata":{"metadata":{"requestId":"7f6c2ebb-b003-4635-a694-828167584c3e","requesterId":8,"userId":"999999"},"timestamp":"2026-04-01 08:47:01"}}
{"level":"info","message":"User created","metadata":{"metadata":{"email":"integration.updateable.1775051221053@opstrack.mil","requestId":"a153b523-2fa6-46d5-b1f9-d32c32287913","userId":129},"timestamp":"2026-04-01 08:47:01"}}
{"level":"info","message":"User updated","metadata":{"metadata":{"requestId":"21d74444-d6f9-4a77-b1fe-7dbc1af7daee","updatedBy":8,"userId":"129"},"timestamp":"2026-04-01 08:47:01"}}
{"level":"info","message":"User created","metadata":{"metadata":{"email":"integration.deactivate.1775051221053@opstrack.mil","requestId":"1def86dd-bd42-4098-825b-80adfac0723c","userId":130},"timestamp":"2026-04-01 08:47:01"}}
{"level":"info","message":"User updated","metadata":{"metadata":{"requestId":"8910a8e1-d718-4629-8ab3-0b57c4dccfd6","updatedBy":8,"userId":"130"},"timestamp":"2026-04-01 08:47:01"}}
{"level":"warn","message":"Access denied: insufficient role","metadata":{"metadata":{"requestId":"26ebd35e-4f61-41c6-99f8-50d38dc165be","requiredRole":"ADMIN","userId":7,"userRole":"MEMBER"},"timestamp":"2026-04-01 08:47:01"}}
{"level":"info","message":"OpsTrack Server is running on port 5000","metadata":{"metadata":{"environment":"production","port":"5000"},"timestamp":"2026-04-01 09:41:27"}}
{"level":"info","message":"OpsTrack Server is running on port 5000","metadata":{"metadata":{"environment":"production","port":"5000"},"timestamp":"2026-04-01 09:41:47"}}
{"level":"warn","message":"Validation failed","metadata":{"metadata":{"code":"ERR_VAL_INVALID_PAYLOAD","errors":[{"field":"email","message":"Invalid email format"},{"field":"password","message":"Invalid input: expected string, received undefined"}],"requestId":"e56f8a8e-2047-470d-8c17-f750c51be0a6"},"timestamp":"2026-04-01 09:42:01"}}
{"level":"warn","message":"Access denied: no valid token provided","metadata":{"metadata":{"requestId":"c6427aa6-b800-4697-a441-e970af704ba8"},"timestamp":"2026-04-01 09:42:01"}}
{"level":"warn","message":"Access denied: no valid token provided","metadata":{"metadata":{"requestId":"2bef5f8f-75dc-436b-975a-0f3e36eacc1e"},"timestamp":"2026-04-01 09:42:01"}}
{"level":"warn","message":"Access denied: no valid token provided","metadata":{"metadata":{"requestId":"6951e683-d7a1-4ab5-af19-83ca3ae45851"},"timestamp":"2026-04-01 09:42:01"}}
{"level":"warn","message":"Audit access denied: non-admin user","metadata":{"metadata":{"requestId":"1183b1a9-7caf-49d6-83e3-61eba964c2cd","userId":7},"timestamp":"2026-04-01 09:42:01"}}
{"level":"warn","message":"Access denied: insufficient role","metadata":{"metadata":{"requestId":"09de8d36-e580-46a1-835a-77bb7fe6c9b9","requiredRole":"ADMIN","userId":7,"userRole":"MEMBER"},"timestamp":"2026-04-01 09:42:01"}}
{"level":"info","message":"User created","metadata":{"metadata":{"createdBy":8,"email":"integration.pvt.1775054521517@opstrack.mil","requestId":"19996dd3-a191-44c4-b2d8-90de2722fbe4","userId":131},"timestamp":"2026-04-01 09:42:01"}}
{"level":"warn","message":"Access denied: insufficient clearance","metadata":{"metadata":{"requestId":"4e703d31-d4fb-4b5d-a2d4-9ea94ce0bf08","requiredClearance":"SECRET","userClearance":"UNCLASSIFIED","userId":131},"timestamp":"2026-04-01 09:42:01"}}
{"level":"info","message":"User created","metadata":{"metadata":{"createdBy":8,"email":"integration.dup.1775054521517@opstrack.mil","requestId":"ef45eba2-6807-4579-89f9-15a4a4b0361e","userId":132},"timestamp":"2026-04-01 09:42:01"}}
{"level":"warn","message":"User creation failed: duplicate email","metadata":{"metadata":{"email":"integration.dup.1775054521517@opstrack.mil","requestId":"7fb799c6-b917-48d4-bc3f-a2bf5989b5c5"},"timestamp":"2026-04-01 09:42:01"}}
{"level":"warn","message":"Task not found","metadata":{"metadata":{"requestId":"fb4a4851-a71d-4637-b29b-660f78089f68","taskId":"999999","userId":7},"timestamp":"2026-04-01 09:42:01"}}
{"level":"warn","message":"Task not found during update","metadata":{"metadata":{"requestId":"909ba396-6e85-42f1-81ac-42f4711e14a8","taskId":"999999","userId":7},"timestamp":"2026-04-01 09:42:01"}}
{"level":"warn","message":"Task not found during delete","metadata":{"metadata":{"requestId":"b0ea35b5-54e2-4289-ba2c-4a5747c877f0","taskId":"999999","userId":8},"timestamp":"2026-04-01 09:42:01"}}
{"level":"warn","message":"Access denied: insufficient role","metadata":{"metadata":{"requestId":"e96dd71b-fadd-473a-9d39-01cc4b04724e","requiredRole":"ADMIN","userId":7,"userRole":"MEMBER"},"timestamp":"2026-04-01 09:42:01"}}
{"level":"warn","message":"User not found","metadata":{"metadata":{"requestId":"989f9e0a-7bfd-46f7-ab0f-0473ce0f289a","requesterId":8,"userId":"999999"},"timestamp":"2026-04-01 09:42:01"}}
{"level":"info","message":"User created","metadata":{"metadata":{"createdBy":8,"email":"integration.updateable.1775054521517@opstrack.mil","requestId":"15b5dee8-316f-41cb-a408-ec2f63339fac","userId":134},"timestamp":"2026-04-01 09:42:02"}}
{"level":"info","message":"User updated","metadata":{"metadata":{"requestId":"d7f20a34-170f-4140-9f84-d56f17444912","updatedBy":8,"userId":"134"},"timestamp":"2026-04-01 09:42:02"}}
{"level":"info","message":"User created","metadata":{"metadata":{"createdBy":8,"email":"integration.deactivate.1775054521517@opstrack.mil","requestId":"275f1d7f-6103-480d-88b8-0fdef341dd11","userId":135},"timestamp":"2026-04-01 09:42:02"}}
{"level":"info","message":"User updated","metadata":{"metadata":{"requestId":"caf62604-c128-456f-b579-e89c58006a6a","updatedBy":8,"userId":"135"},"timestamp":"2026-04-01 09:42:02"}}
{"level":"warn","message":"Access denied: insufficient role","metadata":{"metadata":{"requestId":"1ccecd5a-3c26-4b89-9a9e-d0c8ac39407a","requiredRole":"ADMIN","userId":7,"userRole":"MEMBER"},"timestamp":"2026-04-01 09:42:02"}}
{"level":"info","message":"OpsTrack Server is running on port 5000","metadata":{"metadata":{"environment":"production","port":"5000"},"timestamp":"2026-04-01 09:53:43"}}
{"level":"info","message":"OpsTrack Server is running on port 5000","metadata":{"metadata":{"environment":"production","port":"5000"},"timestamp":"2026-04-01 09:54:03"}}
{"level":"info","message":"OpsTrack Server is running on port 5000","metadata":{"metadata":{"environment":"production","port":"5000"},"timestamp":"2026-04-01 09:54:15"}}
{"level":"info","message":"SIGINT received. Shutting down gracefully...","metadata":{"metadata":{"signal":"SIGINT"},"timestamp":"2026-04-01 09:54:17"}}
{"level":"warn","message":"Validation failed","metadata":{"metadata":{"code":"ERR_VAL_INVALID_PAYLOAD","errors":[{"field":"email","message":"Invalid email format"},{"field":"password","message":"Invalid input: expected string, received undefined"}],"requestId":"3fb1f95a-a536-40d9-a679-8ebc736fbd78"},"timestamp":"2026-04-01 11:36:51"}}
{"level":"warn","message":"Access denied: no valid token provided","metadata":{"metadata":{"requestId":"3e30b2da-380e-4df1-9266-5c1bd86a179e"},"timestamp":"2026-04-01 11:36:51"}}
{"level":"warn","message":"Access denied: no valid token provided","metadata":{"metadata":{"requestId":"a1b96d32-0612-4def-a195-152e620c26b0"},"timestamp":"2026-04-01 11:36:51"}}
{"level":"warn","message":"Access denied: no valid token provided","metadata":{"metadata":{"requestId":"68a30bd7-7723-4fa8-a672-6956feef8c14"},"timestamp":"2026-04-01 11:36:51"}}
{"level":"warn","message":"Audit access denied: non-admin user","metadata":{"metadata":{"requestId":"06e81c6d-420a-477b-a54f-ad07f97bae43","userId":7},"timestamp":"2026-04-01 11:36:51"}}
{"level":"warn","message":"Access denied: insufficient role","metadata":{"metadata":{"requestId":"86091ea3-e25c-4f65-8be0-6754146800d6","requiredRole":"ADMIN","userId":7,"userRole":"MEMBER"},"timestamp":"2026-04-01 11:36:51"}}
{"level":"info","message":"User created","metadata":{"metadata":{"createdBy":8,"email":"integration.pvt.1775061411312@opstrack.mil","requestId":"3186974f-012a-4cf0-9110-848e0d28a55c","userId":136},"timestamp":"2026-04-01 11:36:51"}}
{"level":"warn","message":"Access denied: insufficient clearance","metadata":{"metadata":{"requestId":"14d191d0-eb27-4696-8811-a9bbaff4bde4","requiredClearance":"SECRET","userClearance":"UNCLASSIFIED","userId":136},"timestamp":"2026-04-01 11:36:51"}}
{"level":"info","message":"User created","metadata":{"metadata":{"createdBy":8,"email":"integration.dup.1775061411312@opstrack.mil","requestId":"643b4b7c-db67-43ce-a9b9-c1554f85c65c","userId":137},"timestamp":"2026-04-01 11:36:51"}}
{"level":"warn","message":"User creation failed: duplicate email","metadata":{"metadata":{"email":"integration.dup.1775061411312@opstrack.mil","requestId":"46c7b5cc-4f74-4ff9-b780-c9d8785908e2"},"timestamp":"2026-04-01 11:36:51"}}
{"level":"warn","message":"Task not found","metadata":{"metadata":{"requestId":"27b92264-d864-404c-b842-7a74a7e6f9b0","taskId":"999999","userId":7},"timestamp":"2026-04-01 11:36:51"}}
{"level":"warn","message":"Task not found during update","metadata":{"metadata":{"requestId":"96c3d9cc-3c7e-4357-9471-3fcbc44cf897","taskId":"999999","userId":7},"timestamp":"2026-04-01 11:36:51"}}
{"level":"warn","message":"Task not found during delete","metadata":{"metadata":{"requestId":"8cec5f64-e925-4556-b777-bb5922ded737","taskId":"999999","userId":8},"timestamp":"2026-04-01 11:36:51"}}
{"level":"warn","message":"Access denied: insufficient role","metadata":{"metadata":{"requestId":"fd8960f6-ec86-4673-8afe-951454ef228e","requiredRole":"ADMIN","userId":7,"userRole":"MEMBER"},"timestamp":"2026-04-01 11:36:51"}}
{"level":"warn","message":"User not found","metadata":{"metadata":{"requestId":"9816b123-f595-45ed-82e8-be9857ddf223","requesterId":8,"userId":"999999"},"timestamp":"2026-04-01 11:36:51"}}
{"level":"info","message":"User created","metadata":{"metadata":{"createdBy":8,"email":"integration.updateable.1775061411312@opstrack.mil","requestId":"3251ffef-7070-4723-946b-6ddd35ba4f76","userId":139},"timestamp":"2026-04-01 11:36:51"}}
{"level":"info","message":"User updated","metadata":{"metadata":{"requestId":"cea11115-5c4e-4b19-b11f-d56a23337b1f","updatedBy":8,"userId":"139"},"timestamp":"2026-04-01 11:36:51"}}
{"level":"info","message":"User created","metadata":{"metadata":{"createdBy":8,"email":"integration.deactivate.1775061411312@opstrack.mil","requestId":"f6a1bd4d-a399-4343-841e-c15c6e82b533","userId":140},"timestamp":"2026-04-01 11:36:51"}}
{"level":"info","message":"User updated","metadata":{"metadata":{"requestId":"43eb89e3-0624-4d98-85b2-cba2e994907a","updatedBy":8,"userId":"140"},"timestamp":"2026-04-01 11:36:51"}}
{"level":"warn","message":"Access denied: insufficient role","metadata":{"metadata":{"requestId":"e3a9f8c9-0ae8-42c9-ba73-aa00134c8b10","requiredRole":"ADMIN","userId":7,"userRole":"MEMBER"},"timestamp":"2026-04-01 11:36:51"}}
{"level":"warn","message":"Validation failed","metadata":{"metadata":{"code":"ERR_VAL_INVALID_PAYLOAD","errors":[{"field":"email","message":"Invalid email format"},{"field":"password","message":"Invalid input: expected string, received undefined"}],"requestId":"384e9019-bde0-473f-9e9f-5485719213fa"},"timestamp":"2026-04-01 11:41:32"}}
{"level":"warn","message":"Access denied: no valid token provided","metadata":{"metadata":{"requestId":"2a7f85b7-adca-4948-8335-091c69aeda65"},"timestamp":"2026-04-01 11:41:32"}}
{"level":"warn","message":"Access denied: no valid token provided","metadata":{"metadata":{"requestId":"9e68a30a-4aac-47f2-93f3-4bf30218a781"},"timestamp":"2026-04-01 11:41:32"}}
{"level":"warn","message":"Access denied: no valid token provided","metadata":{"metadata":{"requestId":"5244b5dd-9ee9-4e84-bd3b-b3d1ce745b9a"},"timestamp":"2026-04-01 11:41:32"}}
{"level":"warn","message":"Audit access denied: non-admin user","metadata":{"metadata":{"requestId":"7351fb55-602e-4cfc-a72f-609321a889ea","userId":7},"timestamp":"2026-04-01 11:41:32"}}
{"level":"warn","message":"Access denied: insufficient role","metadata":{"metadata":{"requestId":"a30e0285-a6b0-4d3b-a0e4-6e38066a854f","requiredRole":"ADMIN","userId":7,"userRole":"MEMBER"},"timestamp":"2026-04-01 11:41:32"}}
{"level":"info","message":"User created","metadata":{"metadata":{"createdBy":8,"email":"integration.pvt.1775061692347@opstrack.mil","requestId":"d21705e8-2e90-42e8-9b12-c95a8fd7ee48","userId":141},"timestamp":"2026-04-01 11:41:32"}}
{"level":"warn","message":"Access denied: insufficient clearance","metadata":{"metadata":{"requestId":"749025bd-974f-414e-ae86-26912f122234","requiredClearance":"SECRET","userClearance":"UNCLASSIFIED","userId":141},"timestamp":"2026-04-01 11:41:32"}}
{"level":"error","message":"Unhandled error","metadata":{"metadata":{"code":"23503","error":"insert or update on table \"audit_logs\" violates foreign key constraint \"audit_logs_task_id_fkey\"","method":"DELETE","path":"/api/tasks/81","requestId":"8a10efc7-38b1-454f-9eb9-2227d20ba3dd","stack":"error: insert or update on table \"audit_logs\" violates foreign key constraint \"audit_logs_task_id_fkey\"\n    at C:\\Users\\Mills\\Desktop\\Projects\\APIs\\OpsTrack-api\\node_modules\\pg\\lib\\client.js:631:17\n    at process.processTicksAndRejections (node:internal/process/task_queues:105:5)\n    at async logAction (file:///C:/Users/Mills/Desktop/Projects/APIs/OpsTrack-api/utils/auditLogger.js:10:5)\n    at async removeTask (file:///C:/Users/Mills/Desktop/Projects/APIs/OpsTrack-api/services/taskService.js:167:5)\n    at async deleteTask (file:///C:/Users/Mills/Desktop/Projects/APIs/OpsTrack-api/controllers/taskController.js:180:5)","userId":8},"timestamp":"2026-04-01 11:41:32"}}
{"level":"info","message":"User created","metadata":{"metadata":{"createdBy":8,"email":"integration.dup.1775061692347@opstrack.mil","requestId":"9d5fc642-d8fb-4f06-bc73-a0743802cc53","userId":142},"timestamp":"2026-04-01 11:41:32"}}
{"level":"warn","message":"User creation failed: duplicate email","metadata":{"metadata":{"email":"integration.dup.1775061692347@opstrack.mil","requestId":"63663d64-6759-4c5b-8131-b0acd5a690d4"},"timestamp":"2026-04-01 11:41:32"}}
{"level":"warn","message":"Task not found","metadata":{"metadata":{"requestId":"80caa0bb-bfe6-4d8a-83b4-111723ecf2d6","taskId":"999999","userId":7},"timestamp":"2026-04-01 11:41:32"}}
{"level":"warn","message":"Task not found during update","metadata":{"metadata":{"requestId":"c8493a5a-af88-44d2-88b1-2044087a6663","taskId":"999999","userId":7},"timestamp":"2026-04-01 11:41:32"}}
{"level":"warn","message":"Invalid task id during update","metadata":{"metadata":{"requestId":"29f77015-c033-427f-8c74-c21fedafeb35","taskId":"abc","userId":7},"timestamp":"2026-04-01 11:41:32"}}
{"level":"warn","message":"Task not found during delete","metadata":{"metadata":{"requestId":"c2c1c8f0-36a1-4c1b-b0f0-716167f7a598","taskId":"999999","userId":8},"timestamp":"2026-04-01 11:41:32"}}
{"level":"warn","message":"Invalid task id during delete","metadata":{"metadata":{"requestId":"54890faf-1714-42b4-bec0-4ae095f8817e","taskId":"abc","userId":8},"timestamp":"2026-04-01 11:41:32"}}
{"level":"warn","message":"Access denied: insufficient role","metadata":{"metadata":{"requestId":"3b6c7970-81b2-4e7b-907a-bbf0f1a4c9ae","requiredRole":"ADMIN","userId":7,"userRole":"MEMBER"},"timestamp":"2026-04-01 11:41:32"}}
{"level":"warn","message":"User not found","metadata":{"metadata":{"requestId":"b2afd9c1-4c7b-4ebf-a033-15c34df6bedb","requesterId":8,"userId":"999999"},"timestamp":"2026-04-01 11:41:32"}}
{"level":"info","message":"User created","metadata":{"metadata":{"createdBy":8,"email":"integration.updateable.1775061692347@opstrack.mil","requestId":"274c43ea-6f8f-42bd-9ccc-6155a3a1dc81","userId":144},"timestamp":"2026-04-01 11:41:32"}}
{"level":"info","message":"User updated","metadata":{"metadata":{"requestId":"990e536e-1fed-45de-a4dd-16c2a7fc212a","updatedBy":8,"userId":"144"},"timestamp":"2026-04-01 11:41:32"}}
{"level":"info","message":"User created","metadata":{"metadata":{"createdBy":8,"email":"integration.deactivate.1775061692347@opstrack.mil","requestId":"f242eb07-aeb9-4264-a73e-8c87cfdf5cb2","userId":145},"timestamp":"2026-04-01 11:41:32"}}
{"level":"info","message":"User updated","metadata":{"metadata":{"requestId":"29796be9-78ea-41ee-b5d6-06af6ad36522","updatedBy":8,"userId":"145"},"timestamp":"2026-04-01 11:41:32"}}
{"level":"warn","message":"Access denied: insufficient role","metadata":{"metadata":{"requestId":"f77943f3-a13a-4655-8991-92150ea6df83","requiredRole":"ADMIN","userId":7,"userRole":"MEMBER"},"timestamp":"2026-04-01 11:41:32"}}
{"level":"warn","message":"Validation failed","metadata":{"metadata":{"code":"ERR_VAL_INVALID_PAYLOAD","errors":[{"field":"","message":"At least one valid field must be provided for an update."}],"requestId":"f459bf83-b24f-4796-9ccc-e2a636cb98a1","userId":7},"timestamp":"2026-04-01 11:41:33"}}
{"level":"warn","message":"Validation failed","metadata":{"metadata":{"code":"ERR_VAL_INVALID_PAYLOAD","errors":[{"field":"email","message":"Invalid email format"},{"field":"password","message":"Invalid input: expected string, received undefined"}],"requestId":"bd2269d2-721a-4adb-a7f8-497557907cfc"},"timestamp":"2026-04-01 11:41:57"}}
{"level":"warn","message":"Access denied: no valid token provided","metadata":{"metadata":{"requestId":"8722a47c-f2ee-4baa-b50b-221b4082da39"},"timestamp":"2026-04-01 11:41:57"}}
{"level":"warn","message":"Access denied: no valid token provided","metadata":{"metadata":{"requestId":"fc616ed2-671c-4852-80a6-502b0af454db"},"timestamp":"2026-04-01 11:41:57"}}
{"level":"warn","message":"Access denied: no valid token provided","metadata":{"metadata":{"requestId":"8ead03e0-0b73-4ca1-abd7-dbcf401b89e0"},"timestamp":"2026-04-01 11:41:57"}}
{"level":"warn","message":"Audit access denied: non-admin user","metadata":{"metadata":{"requestId":"ca413e8f-b961-40d3-94ec-d2790afad05f","userId":7},"timestamp":"2026-04-01 11:41:57"}}
{"level":"warn","message":"Access denied: insufficient role","metadata":{"metadata":{"requestId":"9fc559f9-79f1-4b73-ae9f-0ed74e334ad1","requiredRole":"ADMIN","userId":7,"userRole":"MEMBER"},"timestamp":"2026-04-01 11:41:57"}}
{"level":"info","message":"User created","metadata":{"metadata":{"createdBy":8,"email":"integration.pvt.1775061716894@opstrack.mil","requestId":"494e14cd-914e-450f-a7ae-98416cd6c375","userId":146},"timestamp":"2026-04-01 11:41:57"}}
{"level":"warn","message":"Access denied: insufficient clearance","metadata":{"metadata":{"requestId":"0ec245aa-eb96-4f5e-a5e4-fd22d0490831","requiredClearance":"SECRET","userClearance":"UNCLASSIFIED","userId":146},"timestamp":"2026-04-01 11:41:57"}}
{"level":"info","message":"User created","metadata":{"metadata":{"createdBy":8,"email":"integration.dup.1775061716894@opstrack.mil","requestId":"fcada3d4-219f-4392-be39-03e5e2db40bf","userId":147},"timestamp":"2026-04-01 11:41:57"}}
{"level":"warn","message":"User creation failed: duplicate email","metadata":{"metadata":{"email":"integration.dup.1775061716894@opstrack.mil","requestId":"aa12a567-6669-4cad-ac0f-aa5e319c77e9"},"timestamp":"2026-04-01 11:41:57"}}
{"level":"warn","message":"Task not found","metadata":{"metadata":{"requestId":"98219c9e-320c-4578-97ca-d78aad4550cf","taskId":"999999","userId":7},"timestamp":"2026-04-01 11:41:57"}}
{"level":"warn","message":"Task not found during update","metadata":{"metadata":{"requestId":"08abbd9f-0aea-488f-8172-98e00f8c9752","taskId":"999999","userId":7},"timestamp":"2026-04-01 11:41:57"}}
{"level":"warn","message":"Invalid task id during update","metadata":{"metadata":{"requestId":"456c61bc-a528-4b34-920d-93b1a6f47951","taskId":"abc","userId":7},"timestamp":"2026-04-01 11:41:57"}}
{"level":"warn","message":"Task not found during delete","metadata":{"metadata":{"requestId":"00f3c101-713f-4f8c-9ec4-6c0b6f11c0bc","taskId":"999999","userId":8},"timestamp":"2026-04-01 11:41:57"}}
{"level":"warn","message":"Invalid task id during delete","metadata":{"metadata":{"requestId":"37641411-0e56-4cff-877b-120383ec0778","taskId":"abc","userId":8},"timestamp":"2026-04-01 11:41:57"}}
{"level":"warn","message":"Access denied: insufficient role","metadata":{"metadata":{"requestId":"61585839-4e8f-4790-b231-7e163c77f56c","requiredRole":"ADMIN","userId":7,"userRole":"MEMBER"},"timestamp":"2026-04-01 11:41:57"}}
{"level":"warn","message":"User not found","metadata":{"metadata":{"requestId":"4c57c26a-fc87-436c-9b83-5dda1aab77d7","requesterId":8,"userId":"999999"},"timestamp":"2026-04-01 11:41:57"}}
{"level":"info","message":"User created","metadata":{"metadata":{"createdBy":8,"email":"integration.updateable.1775061716894@opstrack.mil","requestId":"cd2483b1-4240-41e0-b747-f69b8219a58c","userId":149},"timestamp":"2026-04-01 11:41:57"}}
{"level":"info","message":"User updated","metadata":{"metadata":{"requestId":"6ccb21b0-c597-4fd8-90f1-c45f373f78ef","updatedBy":8,"userId":"149"},"timestamp":"2026-04-01 11:41:57"}}
{"level":"info","message":"User created","metadata":{"metadata":{"createdBy":8,"email":"integration.deactivate.1775061716894@opstrack.mil","requestId":"aafdfaf4-7f6a-4242-a9e6-80c5ae9f94e3","userId":150},"timestamp":"2026-04-01 11:41:57"}}
{"level":"info","message":"User updated","metadata":{"metadata":{"requestId":"a146ec69-a1cf-4b26-ae09-0131db5ce144","updatedBy":8,"userId":"150"},"timestamp":"2026-04-01 11:41:57"}}
{"level":"warn","message":"Access denied: insufficient role","metadata":{"metadata":{"requestId":"b7601978-c71c-4a4f-9c81-31009488b8c4","requiredRole":"ADMIN","userId":7,"userRole":"MEMBER"},"timestamp":"2026-04-01 11:41:57"}}
{"level":"warn","message":"Validation failed","metadata":{"metadata":{"code":"ERR_VAL_INVALID_PAYLOAD","errors":[{"field":"email","message":"Invalid email format"},{"field":"password","message":"Invalid input: expected string, received undefined"}],"requestId":"420069d2-f436-45af-9add-fc9141d703ef"},"timestamp":"2026-04-01 11:46:42"}}
{"level":"warn","message":"Access denied: no valid token provided","metadata":{"metadata":{"requestId":"8efe8bef-3359-40d6-a1f1-ec3a5b37917b"},"timestamp":"2026-04-01 11:46:42"}}
{"level":"warn","message":"Access denied: no valid token provided","metadata":{"metadata":{"requestId":"2ace568e-d609-44ea-acd2-50a667604981"},"timestamp":"2026-04-01 11:46:42"}}
{"level":"warn","message":"Access denied: no valid token provided","metadata":{"metadata":{"requestId":"b0146e67-0f3d-4ab7-b3f4-02618b274f5d"},"timestamp":"2026-04-01 11:46:42"}}
{"level":"warn","message":"Audit access denied: non-admin user","metadata":{"metadata":{"requestId":"be01aca7-5611-42df-a4ee-edb585bcf158","userId":7},"timestamp":"2026-04-01 11:46:42"}}
{"level":"warn","message":"Access denied: insufficient role","metadata":{"metadata":{"requestId":"f88fd940-fefd-459e-8857-f3a66b65b49b","requiredRole":"ADMIN","userId":7,"userRole":"MEMBER"},"timestamp":"2026-04-01 11:46:42"}}
{"level":"info","message":"User created","metadata":{"metadata":{"createdBy":8,"email":"integration.pvt.1775062002642@opstrack.mil","requestId":"9278d798-2b14-4d13-b185-4a9c44e89546","userId":151},"timestamp":"2026-04-01 11:46:42"}}
{"level":"warn","message":"Access denied: insufficient clearance","metadata":{"metadata":{"requestId":"8af0ec05-3e50-4b7f-b772-c116d7b8487d","requiredClearance":"SECRET","userClearance":"UNCLASSIFIED","userId":151},"timestamp":"2026-04-01 11:46:42"}}
{"level":"info","message":"User created","metadata":{"metadata":{"createdBy":8,"email":"integration.dup.1775062002642@opstrack.mil","requestId":"0ce3602f-967a-451a-8ad1-67d61fd0bed0","userId":152},"timestamp":"2026-04-01 11:46:43"}}
{"level":"warn","message":"User creation failed: duplicate email","metadata":{"metadata":{"email":"integration.dup.1775062002642@opstrack.mil","requestId":"bf81b646-1b89-4e8d-ba9d-b62f85adc049"},"timestamp":"2026-04-01 11:46:43"}}
{"level":"warn","message":"Task not found","metadata":{"metadata":{"requestId":"7c4c1c2f-e942-422e-a849-788a603abd75","taskId":"999999","userId":7},"timestamp":"2026-04-01 11:46:43"}}
{"level":"warn","message":"Task not found during update","metadata":{"metadata":{"requestId":"e156ad66-7944-4284-8e0d-be8063696c23","taskId":"999999","userId":7},"timestamp":"2026-04-01 11:46:43"}}
{"level":"warn","message":"Invalid task id during update","metadata":{"metadata":{"requestId":"fb2cea21-cbc0-4df9-b547-f903d3571328","taskId":"abc","userId":7},"timestamp":"2026-04-01 11:46:43"}}
{"level":"warn","message":"Task not found during delete","metadata":{"metadata":{"requestId":"c612b799-822d-4c32-a215-efe7b3215716","taskId":"999999","userId":8},"timestamp":"2026-04-01 11:46:43"}}
{"level":"warn","message":"Invalid task id during delete","metadata":{"metadata":{"requestId":"9729bccb-367a-4fb3-9732-804fc5226055","taskId":"abc","userId":8},"timestamp":"2026-04-01 11:46:43"}}
{"level":"warn","message":"Access denied: insufficient role","metadata":{"metadata":{"requestId":"cb9d1d9d-cb0c-49e7-acea-8c1814ec66be","requiredRole":"ADMIN","userId":7,"userRole":"MEMBER"},"timestamp":"2026-04-01 11:46:43"}}
{"level":"warn","message":"User not found","metadata":{"metadata":{"requestId":"a225ea02-2c52-434f-93d4-c9c2cd4a7753","requesterId":8,"userId":"999999"},"timestamp":"2026-04-01 11:46:43"}}
{"level":"info","message":"User created","metadata":{"metadata":{"createdBy":8,"email":"integration.updateable.1775062002642@opstrack.mil","requestId":"10701405-cc77-4983-96ab-0fdef5a3111f","userId":154},"timestamp":"2026-04-01 11:46:43"}}
{"level":"info","message":"User updated","metadata":{"metadata":{"requestId":"b630fc47-c9ce-457e-96db-ed51e92091de","updatedBy":8,"userId":"154"},"timestamp":"2026-04-01 11:46:43"}}
{"level":"info","message":"User created","metadata":{"metadata":{"createdBy":8,"email":"integration.deactivate.1775062002642@opstrack.mil","requestId":"a39cc6d6-592d-4675-ae43-9546f725fd18","userId":155},"timestamp":"2026-04-01 11:46:43"}}
{"level":"info","message":"User updated","metadata":{"metadata":{"requestId":"73848e87-18e9-4c30-802a-95a286e0ba3b","updatedBy":8,"userId":"155"},"timestamp":"2026-04-01 11:46:43"}}
{"level":"info","message":"User created","metadata":{"metadata":{"createdBy":8,"email":"integration.disabled.1775062002642@opstrack.mil","requestId":"61e51682-f158-42ee-a26d-637f4509a11a","userId":156},"timestamp":"2026-04-01 11:46:43"}}
{"level":"info","message":"User updated","metadata":{"metadata":{"requestId":"5379819c-8ee8-4912-bb81-3ad3c044f5b7","updatedBy":8,"userId":"156"},"timestamp":"2026-04-01 11:46:43"}}
{"level":"warn","message":"Access denied: insufficient role","metadata":{"metadata":{"requestId":"8a4e4a96-2301-4fd0-857a-1ccd478d03ab","requiredRole":"ADMIN","userId":7,"userRole":"MEMBER"},"timestamp":"2026-04-01 11:46:43"}}
{"level":"warn","message":"Validation failed","metadata":{"metadata":{"code":"ERR_VAL_INVALID_PAYLOAD","errors":[{"field":"email","message":"Invalid email format"},{"field":"password","message":"Invalid input: expected string, received undefined"}],"requestId":"c1c68744-2e88-4256-b829-62c575545674"},"timestamp":"2026-04-01 11:47:05"}}
{"level":"warn","message":"Access denied: no valid token provided","metadata":{"metadata":{"requestId":"81e6200d-24a9-40cb-b095-e8f66b72b7b3"},"timestamp":"2026-04-01 11:47:05"}}
{"level":"warn","message":"Access denied: no valid token provided","metadata":{"metadata":{"requestId":"d4647eb1-8b93-4498-b8cf-9ea3ac372ee4"},"timestamp":"2026-04-01 11:47:05"}}
{"level":"warn","message":"Access denied: no valid token provided","metadata":{"metadata":{"requestId":"f92a9765-34b6-4c91-812f-d1520ef4131f"},"timestamp":"2026-04-01 11:47:05"}}
{"level":"warn","message":"Audit access denied: non-admin user","metadata":{"metadata":{"requestId":"f99f4dd0-e298-4ab1-82c2-f2b31ab46946","userId":7},"timestamp":"2026-04-01 11:47:05"}}
{"level":"warn","message":"Access denied: insufficient role","metadata":{"metadata":{"requestId":"9f733190-b5d8-4fab-8c70-36f85bc63b97","requiredRole":"ADMIN","userId":7,"userRole":"MEMBER"},"timestamp":"2026-04-01 11:47:05"}}
{"level":"info","message":"User created","metadata":{"metadata":{"createdBy":8,"email":"integration.pvt.1775062025658@opstrack.mil","requestId":"dd1e542d-cb50-4b5f-ab15-985e36dee630","userId":157},"timestamp":"2026-04-01 11:47:05"}}
{"level":"warn","message":"Access denied: insufficient clearance","metadata":{"metadata":{"requestId":"d28d11df-9959-4d41-b298-a9824bf6d5a6","requiredClearance":"SECRET","userClearance":"UNCLASSIFIED","userId":157},"timestamp":"2026-04-01 11:47:06"}}
{"level":"info","message":"User created","metadata":{"metadata":{"createdBy":8,"email":"integration.dup.1775062025658@opstrack.mil","requestId":"53abed73-7c81-43d7-9d69-9dec85aa179e","userId":158},"timestamp":"2026-04-01 11:47:06"}}
{"level":"warn","message":"User creation failed: duplicate email","metadata":{"metadata":{"email":"integration.dup.1775062025658@opstrack.mil","requestId":"30f3d93e-902a-4f57-9e2e-c64850ba2a3b"},"timestamp":"2026-04-01 11:47:06"}}
{"level":"warn","message":"Task not found","metadata":{"metadata":{"requestId":"72237ebe-5ded-4941-8572-5e76c3f437b9","taskId":"999999","userId":7},"timestamp":"2026-04-01 11:47:06"}}
{"level":"warn","message":"Task not found during update","metadata":{"metadata":{"requestId":"a91fbd38-a261-4e6b-b7ee-d211238e2e97","taskId":"999999","userId":7},"timestamp":"2026-04-01 11:47:06"}}
{"level":"warn","message":"Invalid task id during update","metadata":{"metadata":{"requestId":"f3e36ef9-1546-4544-9b25-c3ba7f6bc2e0","taskId":"abc","userId":7},"timestamp":"2026-04-01 11:47:06"}}
{"level":"warn","message":"Task not found during delete","metadata":{"metadata":{"requestId":"30530760-7ee5-4521-8e7c-3f706d9381ed","taskId":"999999","userId":8},"timestamp":"2026-04-01 11:47:06"}}
{"level":"warn","message":"Invalid task id during delete","metadata":{"metadata":{"requestId":"9cc05cee-931c-4078-ab2a-88d9e45a44b9","taskId":"abc","userId":8},"timestamp":"2026-04-01 11:47:06"}}
{"level":"warn","message":"Access denied: insufficient role","metadata":{"metadata":{"requestId":"056bcdf0-1376-4e49-aac0-dbc29990b881","requiredRole":"ADMIN","userId":7,"userRole":"MEMBER"},"timestamp":"2026-04-01 11:47:06"}}
{"level":"warn","message":"User not found","metadata":{"metadata":{"requestId":"b877243e-2a60-4668-8f40-28f7ab7826c4","requesterId":8,"userId":"999999"},"timestamp":"2026-04-01 11:47:06"}}
{"level":"info","message":"User created","metadata":{"metadata":{"createdBy":8,"email":"integration.updateable.1775062025658@opstrack.mil","requestId":"db3d7ad4-7769-4176-ac8c-00d432afc8fb","userId":160},"timestamp":"2026-04-01 11:47:06"}}
{"level":"info","message":"User updated","metadata":{"metadata":{"requestId":"866d2a91-de70-4fd0-893f-b14e8c646d54","updatedBy":8,"userId":"160"},"timestamp":"2026-04-01 11:47:06"}}
{"level":"info","message":"User created","metadata":{"metadata":{"createdBy":8,"email":"integration.deactivate.1775062025658@opstrack.mil","requestId":"6bcb78c6-7b80-4975-a875-65fad2756074","userId":161},"timestamp":"2026-04-01 11:47:06"}}
{"level":"info","message":"User updated","metadata":{"metadata":{"requestId":"a1fa5e3d-44db-4f7e-bba7-5462d49ea49a","updatedBy":8,"userId":"161"},"timestamp":"2026-04-01 11:47:06"}}
{"level":"info","message":"User created","metadata":{"metadata":{"createdBy":8,"email":"integration.disabled.1775062025658@opstrack.mil","requestId":"9ac8974c-d1bc-426c-8ec5-27a789de9dec","userId":162},"timestamp":"2026-04-01 11:47:06"}}
{"level":"info","message":"User updated","metadata":{"metadata":{"requestId":"3f4f476f-5238-4b9b-ac80-113cee3828cb","updatedBy":8,"userId":"162"},"timestamp":"2026-04-01 11:47:06"}}
{"level":"warn","message":"Access denied: insufficient role","metadata":{"metadata":{"requestId":"468de179-6215-4c62-b3c1-0cadf1ca081d","requiredRole":"ADMIN","userId":7,"userRole":"MEMBER"},"timestamp":"2026-04-01 11:47:06"}}
{"level":"warn","message":"Validation failed","metadata":{"metadata":{"code":"ERR_VAL_INVALID_PAYLOAD","errors":[{"field":"email","message":"Invalid email format"},{"field":"password","message":"Invalid input: expected string, received undefined"}],"requestId":"1d3108de-8da5-4c02-8149-c9a41fb8b064"},"timestamp":"2026-04-01 11:47:30"}}
{"level":"warn","message":"Access denied: no valid token provided","metadata":{"metadata":{"requestId":"fbcf2b64-4bde-44cb-97e9-873fd8a87ec8"},"timestamp":"2026-04-01 11:47:30"}}
{"level":"warn","message":"Access denied: no valid token provided","metadata":{"metadata":{"requestId":"bd09b87e-0b45-4f49-8c71-ba9853110c1e"},"timestamp":"2026-04-01 11:47:30"}}
{"level":"warn","message":"Access denied: no valid token provided","metadata":{"metadata":{"requestId":"c55d95aa-58cc-40d2-a266-57a96d49dfb1"},"timestamp":"2026-04-01 11:47:30"}}
{"level":"warn","message":"Audit access denied: non-admin user","metadata":{"metadata":{"requestId":"8527cfef-9f62-4e2b-9632-82aedfe152d3","userId":7},"timestamp":"2026-04-01 11:47:30"}}
{"level":"warn","message":"Access denied: insufficient role","metadata":{"metadata":{"requestId":"df7f70da-db20-4307-ae5c-0ecb2c28f5ac","requiredRole":"ADMIN","userId":7,"userRole":"MEMBER"},"timestamp":"2026-04-01 11:47:30"}}
{"level":"info","message":"User created","metadata":{"metadata":{"createdBy":8,"email":"integration.pvt.1775062049869@opstrack.mil","requestId":"1aba74f9-fe25-4c52-bdd0-a20a382fc22c","userId":163},"timestamp":"2026-04-01 11:47:30"}}
{"level":"warn","message":"Access denied: insufficient clearance","metadata":{"metadata":{"requestId":"f594d83f-891c-4e12-a342-e315741adfb2","requiredClearance":"SECRET","userClearance":"UNCLASSIFIED","userId":163},"timestamp":"2026-04-01 11:47:30"}}
{"level":"info","message":"User created","metadata":{"metadata":{"createdBy":8,"email":"integration.dup.1775062049869@opstrack.mil","requestId":"21849fed-4052-4325-ab8c-06a3a6ee0596","userId":164},"timestamp":"2026-04-01 11:47:30"}}
{"level":"warn","message":"User creation failed: duplicate email","metadata":{"metadata":{"email":"integration.dup.1775062049869@opstrack.mil","requestId":"d3392639-3705-4e9d-a57c-dd889e1c9f39"},"timestamp":"2026-04-01 11:47:30"}}
{"level":"warn","message":"Task not found","metadata":{"metadata":{"requestId":"64d8398c-ee59-4544-a46d-fb46653288e8","taskId":"999999","userId":7},"timestamp":"2026-04-01 11:47:30"}}
{"level":"warn","message":"Task not found during update","metadata":{"metadata":{"requestId":"15bccab9-78be-40f4-942a-1efabd2042c3","taskId":"999999","userId":7},"timestamp":"2026-04-01 11:47:30"}}
{"level":"warn","message":"Invalid task id during update","metadata":{"metadata":{"requestId":"2eba1339-d353-40f4-8dbf-aa50b883a1a3","taskId":"abc","userId":7},"timestamp":"2026-04-01 11:47:30"}}
{"level":"warn","message":"Task not found during delete","metadata":{"metadata":{"requestId":"4fdda45d-7657-4057-b4e4-33cefab0809e","taskId":"999999","userId":8},"timestamp":"2026-04-01 11:47:30"}}
{"level":"warn","message":"Invalid task id during delete","metadata":{"metadata":{"requestId":"9fe94c98-b3de-4862-8752-ea6a7d237033","taskId":"abc","userId":8},"timestamp":"2026-04-01 11:47:30"}}
{"level":"warn","message":"Access denied: insufficient role","metadata":{"metadata":{"requestId":"4aeb5dcd-10b5-4940-8283-0a35937db932","requiredRole":"ADMIN","userId":7,"userRole":"MEMBER"},"timestamp":"2026-04-01 11:47:30"}}
{"level":"warn","message":"User not found","metadata":{"metadata":{"requestId":"18735d20-e234-4363-93f3-22ea77730d22","requesterId":8,"userId":"999999"},"timestamp":"2026-04-01 11:47:30"}}
{"level":"info","message":"User created","metadata":{"metadata":{"createdBy":8,"email":"integration.updateable.1775062049869@opstrack.mil","requestId":"d9c142ef-e09c-4a02-b464-d3a7d5a13946","userId":166},"timestamp":"2026-04-01 11:47:30"}}
{"level":"info","message":"User updated","metadata":{"metadata":{"requestId":"7023e028-ff59-4058-b829-d1c40fc89bc8","updatedBy":8,"userId":"166"},"timestamp":"2026-04-01 11:47:30"}}
{"level":"info","message":"User created","metadata":{"metadata":{"createdBy":8,"email":"integration.deactivate.1775062049869@opstrack.mil","requestId":"eb5d036c-7f34-4ea3-967a-94c95be4adf1","userId":167},"timestamp":"2026-04-01 11:47:30"}}
{"level":"info","message":"User updated","metadata":{"metadata":{"requestId":"6a4106e2-d4b4-40a2-96e3-092814dac3a1","updatedBy":8,"userId":"167"},"timestamp":"2026-04-01 11:47:30"}}
{"level":"info","message":"User created","metadata":{"metadata":{"createdBy":8,"email":"integration.disabled.1775062049869@opstrack.mil","requestId":"f405898f-5761-4b61-90e4-8953ed2de464","userId":168},"timestamp":"2026-04-01 11:47:30"}}
{"level":"info","message":"User updated","metadata":{"metadata":{"requestId":"ddd435ee-e7df-46d7-a20c-6d0611722038","updatedBy":8,"userId":"168"},"timestamp":"2026-04-01 11:47:30"}}
{"level":"warn","message":"Access denied: insufficient role","metadata":{"metadata":{"requestId":"c39a0867-8638-40fa-b318-fd466a7930c0","requiredRole":"ADMIN","userId":7,"userRole":"MEMBER"},"timestamp":"2026-04-01 11:47:30"}}
{"level":"warn","message":"Validation failed","metadata":{"metadata":{"code":"ERR_VAL_INVALID_PAYLOAD","errors":[{"field":"email","message":"Invalid email format"},{"field":"password","message":"Invalid input: expected string, received undefined"}],"requestId":"fd44d57c-74cc-428b-98cf-fb77912d0d94"},"timestamp":"2026-04-01 11:48:06"}}
{"level":"warn","message":"Access denied: no valid token provided","metadata":{"metadata":{"requestId":"67ca748f-5f6a-4bb0-87b4-4068c63edb6e"},"timestamp":"2026-04-01 11:48:06"}}
{"level":"warn","message":"Access denied: no valid token provided","metadata":{"metadata":{"requestId":"871e61cf-0ad3-43b5-bf66-aba07b72b681"},"timestamp":"2026-04-01 11:48:06"}}
{"level":"warn","message":"Access denied: no valid token provided","metadata":{"metadata":{"requestId":"df56a63f-0461-4c39-8054-a8855bb067ce"},"timestamp":"2026-04-01 11:48:06"}}
{"level":"info","message":"User created","metadata":{"metadata":{"createdBy":8,"email":"integration.disabled.1775062085988@opstrack.mil","requestId":"6fe590ba-15e4-4cae-b9cc-0ceb912cfab3","userId":169},"timestamp":"2026-04-01 11:48:06"}}
{"level":"info","message":"User updated","metadata":{"metadata":{"requestId":"6350afa6-f99d-46f7-b794-18c5ede3be1c","updatedBy":8,"userId":"169"},"timestamp":"2026-04-01 11:48:06"}}
{"level":"warn","message":"Login denied: account deactivated","metadata":{"metadata":{"requestId":"5799973f-15fe-450e-a843-b00383dafa32","userId":169},"timestamp":"2026-04-01 11:48:06"}}
{"level":"warn","message":"Audit access denied: non-admin user","metadata":{"metadata":{"requestId":"d99d94ad-50d1-4142-8f42-f857ec82161d","userId":7},"timestamp":"2026-04-01 11:48:06"}}
{"level":"warn","message":"Access denied: insufficient role","metadata":{"metadata":{"requestId":"73a6e58c-79a9-4ab4-9a30-3c6645d3d113","requiredRole":"ADMIN","userId":7,"userRole":"MEMBER"},"timestamp":"2026-04-01 11:48:06"}}
{"level":"info","message":"User created","metadata":{"metadata":{"createdBy":8,"email":"integration.pvt.1775062085988@opstrack.mil","requestId":"1ccf1255-eefd-4ab2-8801-74f07c21ef69","userId":170},"timestamp":"2026-04-01 11:48:06"}}
{"level":"info","message":"User created","metadata":{"metadata":{"createdBy":8,"email":"integration.dup.1775062085988@opstrack.mil","requestId":"ab1317d1-8dbd-4263-a023-fd437fc8d8a8","userId":171},"timestamp":"2026-04-01 11:48:06"}}
{"level":"warn","message":"User creation failed: duplicate email","metadata":{"metadata":{"email":"integration.dup.1775062085988@opstrack.mil","requestId":"d7fce9ac-f153-477b-8b70-c6dff682ffed"},"timestamp":"2026-04-01 11:48:06"}}
{"level":"warn","message":"Task not found","metadata":{"metadata":{"requestId":"58b3338b-8b32-45ab-8632-d3a66db7dd6f","taskId":"999999","userId":7},"timestamp":"2026-04-01 11:48:06"}}
{"level":"warn","message":"Task not found during update","metadata":{"metadata":{"requestId":"e9a79afc-5e81-472c-ba0a-975da3af0a4e","taskId":"999999","userId":7},"timestamp":"2026-04-01 11:48:06"}}
{"level":"warn","message":"Invalid task id during update","metadata":{"metadata":{"requestId":"279c5286-1a67-4707-a917-ffb0c9a1f874","taskId":"abc","userId":7},"timestamp":"2026-04-01 11:48:06"}}
{"level":"warn","message":"Task not found during delete","metadata":{"metadata":{"requestId":"58dd441b-99e2-43fc-ac41-29e6e8849d53","taskId":"999999","userId":8},"timestamp":"2026-04-01 11:48:06"}}
{"level":"warn","message":"Invalid task id during delete","metadata":{"metadata":{"requestId":"b55595e2-8ea4-4272-8c5a-98c377fe82f6","taskId":"abc","userId":8},"timestamp":"2026-04-01 11:48:06"}}
{"level":"warn","message":"Access denied: insufficient role","metadata":{"metadata":{"requestId":"c5f256f1-5563-43cb-9c90-5928dd5d39b1","requiredRole":"ADMIN","userId":7,"userRole":"MEMBER"},"timestamp":"2026-04-01 11:48:06"}}
{"level":"warn","message":"User not found","metadata":{"metadata":{"requestId":"151f3942-e1b4-4ee9-b51f-f1b584a3c5d1","requesterId":8,"userId":"999999"},"timestamp":"2026-04-01 11:48:06"}}
{"level":"info","message":"User created","metadata":{"metadata":{"createdBy":8,"email":"integration.updateable.1775062085988@opstrack.mil","requestId":"2066ccef-15dd-4ed3-8f94-68f8fc5548bd","userId":173},"timestamp":"2026-04-01 11:48:06"}}
{"level":"info","message":"User updated","metadata":{"metadata":{"requestId":"7be88751-eda9-4bc0-b6ea-55c15b4ebed6","updatedBy":8,"userId":"173"},"timestamp":"2026-04-01 11:48:06"}}
{"level":"info","message":"User created","metadata":{"metadata":{"createdBy":8,"email":"integration.deactivate.1775062085988@opstrack.mil","requestId":"7c3f8dcb-a88c-433b-8bd2-1d5fb8833595","userId":174},"timestamp":"2026-04-01 11:48:06"}}
{"level":"info","message":"User updated","metadata":{"metadata":{"requestId":"a79f4c8b-fca1-4f6d-bea3-f24bed0b9b23","updatedBy":8,"userId":"174"},"timestamp":"2026-04-01 11:48:06"}}
{"level":"warn","message":"Access denied: insufficient role","metadata":{"metadata":{"requestId":"9c11fe22-a0dc-43ac-9b90-cb21d26fe30a","requiredRole":"ADMIN","userId":7,"userRole":"MEMBER"},"timestamp":"2026-04-01 11:48:06"}}
{"level":"warn","message":"Validation failed","metadata":{"metadata":{"code":"ERR_VAL_INVALID_PAYLOAD","errors":[{"field":"email","message":"Invalid email format"},{"field":"password","message":"Invalid input: expected string, received undefined"}],"requestId":"b20a254d-361d-4a98-bf6b-996aa1ad2823"},"timestamp":"2026-04-01 11:48:37"}}
{"level":"warn","message":"Access denied: no valid token provided","metadata":{"metadata":{"requestId":"f4293077-7081-4f42-930f-774c1afc6e6f"},"timestamp":"2026-04-01 11:48:37"}}
{"level":"warn","message":"Access denied: no valid token provided","metadata":{"metadata":{"requestId":"ad68a946-7da4-4fda-abab-128e6dd7aa63"},"timestamp":"2026-04-01 11:48:37"}}
{"level":"warn","message":"Access denied: no valid token provided","metadata":{"metadata":{"requestId":"bd0a4917-46b9-4227-a43f-e59abefe924c"},"timestamp":"2026-04-01 11:48:37"}}
{"level":"info","message":"User created","metadata":{"metadata":{"createdBy":8,"email":"integration.disabled.1775062117304@opstrack.mil","requestId":"55ba0718-09ad-4eb2-a4ae-4a29ea8ebc6a","userId":175},"timestamp":"2026-04-01 11:48:37"}}
{"level":"info","message":"User updated","metadata":{"metadata":{"requestId":"bb50c044-22f7-49c6-847c-50890996b409","updatedBy":8,"userId":"175"},"timestamp":"2026-04-01 11:48:37"}}
{"level":"warn","message":"Login denied: account deactivated","metadata":{"metadata":{"requestId":"e18ef74e-da4c-46b5-b25e-529a651b7601","userId":175},"timestamp":"2026-04-01 11:48:37"}}
{"level":"warn","message":"Audit access denied: non-admin user","metadata":{"metadata":{"requestId":"bc74050c-9798-4bad-8caa-14ab7995989b","userId":7},"timestamp":"2026-04-01 11:48:37"}}
{"level":"warn","message":"Access denied: insufficient role","metadata":{"metadata":{"requestId":"d89377dd-d46c-44b2-b776-d1307a674b2a","requiredRole":"ADMIN","userId":7,"userRole":"MEMBER"},"timestamp":"2026-04-01 11:48:37"}}
{"level":"info","message":"User created","metadata":{"metadata":{"createdBy":8,"email":"integration.pvt.1775062117304@opstrack.mil","requestId":"afcae37d-50e7-4362-a639-bb1f1c7eebbc","userId":176},"timestamp":"2026-04-01 11:48:37"}}
{"level":"warn","message":"Access denied: insufficient clearance","metadata":{"metadata":{"requestId":"c31f6426-83e9-4eb8-a6c2-58718bd7e137","requiredClearance":"SECRET","userClearance":"UNCLASSIFIED","userId":176},"timestamp":"2026-04-01 11:48:37"}}
{"level":"info","message":"User created","metadata":{"metadata":{"createdBy":8,"email":"integration.dup.1775062117304@opstrack.mil","requestId":"9043ab56-7f57-4e29-9a77-2820ac4880ea","userId":177},"timestamp":"2026-04-01 11:48:37"}}
{"level":"warn","message":"User creation failed: duplicate email","metadata":{"metadata":{"email":"integration.dup.1775062117304@opstrack.mil","requestId":"c08eb13b-8708-4688-bee8-f8e7f7aa1e9d"},"timestamp":"2026-04-01 11:48:38"}}
{"level":"warn","message":"Task not found","metadata":{"metadata":{"requestId":"06afec97-7fc6-4bcf-8672-60bbc723abf2","taskId":"999999","userId":7},"timestamp":"2026-04-01 11:48:38"}}
{"level":"warn","message":"Task not found during update","metadata":{"metadata":{"requestId":"26bf949f-c54a-45d0-9b46-75193165ce7d","taskId":"999999","userId":7},"timestamp":"2026-04-01 11:48:38"}}
{"level":"warn","message":"Invalid task id during update","metadata":{"metadata":{"requestId":"9019e5a6-0ad7-4606-8444-1647dcb23956","taskId":"abc","userId":7},"timestamp":"2026-04-01 11:48:38"}}
{"level":"warn","message":"Task not found during delete","metadata":{"metadata":{"requestId":"ea44d9dd-0617-4f8a-9b48-cc126fa59ad4","taskId":"999999","userId":8},"timestamp":"2026-04-01 11:48:38"}}
{"level":"warn","message":"Invalid task id during delete","metadata":{"metadata":{"requestId":"2fb5df58-f047-46ab-88dd-100d7bc05617","taskId":"abc","userId":8},"timestamp":"2026-04-01 11:48:38"}}
{"level":"warn","message":"Access denied: insufficient role","metadata":{"metadata":{"requestId":"448f98df-3406-4b9c-a0b6-a1ab2d6fa1fe","requiredRole":"ADMIN","userId":7,"userRole":"MEMBER"},"timestamp":"2026-04-01 11:48:38"}}
{"level":"warn","message":"User not found","metadata":{"metadata":{"requestId":"cab6510a-7865-4975-98a0-106b7a70e3af","requesterId":8,"userId":"999999"},"timestamp":"2026-04-01 11:48:38"}}
{"level":"info","message":"User created","metadata":{"metadata":{"createdBy":8,"email":"integration.updateable.1775062117304@opstrack.mil","requestId":"40ed7d74-b0aa-4c2b-a448-107b647a66ad","userId":179},"timestamp":"2026-04-01 11:48:38"}}
{"level":"info","message":"User updated","metadata":{"metadata":{"requestId":"ecc79039-f07e-4a76-943f-f40349cfcb23","updatedBy":8,"userId":"179"},"timestamp":"2026-04-01 11:48:38"}}
{"level":"info","message":"User created","metadata":{"metadata":{"createdBy":8,"email":"integration.deactivate.1775062117304@opstrack.mil","requestId":"e93f3443-7a2f-4000-a6a0-a1c16fa95fd5","userId":180},"timestamp":"2026-04-01 11:48:38"}}
{"level":"info","message":"User updated","metadata":{"metadata":{"requestId":"57888a6a-adca-495e-bffb-052a56b301cb","updatedBy":8,"userId":"180"},"timestamp":"2026-04-01 11:48:38"}}
{"level":"warn","message":"Access denied: insufficient role","metadata":{"metadata":{"requestId":"a49f3537-5c40-44ed-bf5f-4de5314ae0d3","requiredRole":"ADMIN","userId":7,"userRole":"MEMBER"},"timestamp":"2026-04-01 11:48:38"}}
{"level":"warn","message":"Validation failed","metadata":{"metadata":{"code":"ERR_VAL_INVALID_PAYLOAD","errors":[{"field":"email","message":"Invalid email format"},{"field":"password","message":"Invalid input: expected string, received undefined"}],"requestId":"b3c5a271-a2f8-41b6-a754-a21816b28db9"},"timestamp":"2026-04-01 11:56:40"}}
{"level":"warn","message":"Access denied: no valid token provided","metadata":{"metadata":{"requestId":"6f395922-eb2c-4d7c-bc43-2ee634316fb6"},"timestamp":"2026-04-01 11:56:40"}}
{"level":"warn","message":"Access denied: no valid token provided","metadata":{"metadata":{"requestId":"63271251-2dec-4c25-a52f-019990f59d6f"},"timestamp":"2026-04-01 11:56:40"}}
{"level":"warn","message":"Access denied: no valid token provided","metadata":{"metadata":{"requestId":"c16b8677-d90a-48d1-acdc-2d9a5dde9dda"},"timestamp":"2026-04-01 11:56:40"}}
{"level":"info","message":"User created","metadata":{"metadata":{"createdBy":8,"email":"integration.disabled.1775062600127@opstrack.mil","requestId":"ba0d38d4-5bdb-4f66-b1b7-27ca594e8e46","userId":181},"timestamp":"2026-04-01 11:56:40"}}
{"level":"info","message":"User updated","metadata":{"metadata":{"requestId":"ea966223-5d8a-4b45-a125-c59cdfb7daa2","updatedBy":8,"userId":"181"},"timestamp":"2026-04-01 11:56:40"}}
{"level":"warn","message":"Login denied: account deactivated","metadata":{"metadata":{"requestId":"e5fa38db-76a5-4db6-bd2c-df4fc203cd7d","userId":181},"timestamp":"2026-04-01 11:56:40"}}
{"level":"warn","message":"Audit access denied: non-admin user","metadata":{"metadata":{"requestId":"8d3f3104-49e3-46c7-8925-4e2707dfe2e2","userId":7},"timestamp":"2026-04-01 11:56:40"}}
{"level":"warn","message":"Access denied: insufficient role","metadata":{"metadata":{"requestId":"5dab931b-2422-4e17-9adc-655328fc9ca9","requiredRole":"ADMIN","userId":7,"userRole":"MEMBER"},"timestamp":"2026-04-01 11:56:40"}}
{"level":"info","message":"User created","metadata":{"metadata":{"createdBy":8,"email":"integration.pvt.1775062600127@opstrack.mil","requestId":"ff1042f3-63d0-4671-ace2-9f4d74843015","userId":182},"timestamp":"2026-04-01 11:56:40"}}
{"level":"warn","message":"Access denied: insufficient clearance","metadata":{"metadata":{"requestId":"2221c1c5-8fc2-4508-b071-b02e3a25c563","requiredClearance":"SECRET","userClearance":"UNCLASSIFIED","userId":182},"timestamp":"2026-04-01 11:56:40"}}
{"level":"info","message":"User created","metadata":{"metadata":{"createdBy":8,"email":"integration.dup.1775062600127@opstrack.mil","requestId":"c8af5e49-ac97-4952-b461-80a5db92d5c9","userId":183},"timestamp":"2026-04-01 11:56:40"}}
{"level":"warn","message":"User creation failed: duplicate email","metadata":{"metadata":{"email":"integration.dup.1775062600127@opstrack.mil","requestId":"cb68ed45-5a69-459f-91f4-3ca0eff44b26"},"timestamp":"2026-04-01 11:56:40"}}
{"level":"warn","message":"Task not found","metadata":{"metadata":{"requestId":"92744db3-fe66-4ebe-846c-a424175c8b14","taskId":"999999","userId":7},"timestamp":"2026-04-01 11:56:40"}}
{"level":"warn","message":"Task not found during update","metadata":{"metadata":{"requestId":"270b4ed5-5f00-452a-aca9-f2cbdb0c3ba7","taskId":"999999","userId":7},"timestamp":"2026-04-01 11:56:40"}}
{"level":"warn","message":"Invalid task id during update","metadata":{"metadata":{"requestId":"4c869b8a-a06a-40e0-b420-05771b32761f","taskId":"abc","userId":7},"timestamp":"2026-04-01 11:56:40"}}
{"level":"warn","message":"Task not found during delete","metadata":{"metadata":{"requestId":"a197f0c6-2116-4593-a330-5e4a042f6e15","taskId":"999999","userId":8},"timestamp":"2026-04-01 11:56:40"}}
{"level":"warn","message":"Invalid task id during delete","metadata":{"metadata":{"requestId":"95588bdf-47ac-452c-9674-c2456a14e6ef","taskId":"abc","userId":8},"timestamp":"2026-04-01 11:56:40"}}
{"level":"warn","message":"Access denied: insufficient role","metadata":{"metadata":{"requestId":"1c25b3fa-54a1-4e58-ac7e-ae53f910be76","requiredRole":"ADMIN","userId":7,"userRole":"MEMBER"},"timestamp":"2026-04-01 11:56:40"}}
{"level":"warn","message":"User not found","metadata":{"metadata":{"requestId":"fea4c4cc-cac7-4e3c-9760-04dce3b13759","requesterId":8,"userId":"999999"},"timestamp":"2026-04-01 11:56:40"}}
{"level":"info","message":"User created","metadata":{"metadata":{"createdBy":8,"email":"integration.updateable.1775062600127@opstrack.mil","requestId":"96d5d17e-d4e8-4af1-af0f-6702f8787467","userId":185},"timestamp":"2026-04-01 11:56:40"}}
{"level":"info","message":"User updated","metadata":{"metadata":{"requestId":"0adfb336-8e9a-47b3-ae1d-25618fd89806","updatedBy":8,"userId":"185"},"timestamp":"2026-04-01 11:56:40"}}
{"level":"info","message":"User created","metadata":{"metadata":{"createdBy":8,"email":"integration.deactivate.1775062600127@opstrack.mil","requestId":"2ef1996a-4a5c-4dd9-ae5e-9421c348e7f4","userId":186},"timestamp":"2026-04-01 11:56:40"}}
{"level":"info","message":"User updated","metadata":{"metadata":{"requestId":"4af1aa5e-8dc5-44ba-9a2b-ebba5857713e","updatedBy":8,"userId":"186"},"timestamp":"2026-04-01 11:56:40"}}
{"level":"warn","message":"Access denied: insufficient role","metadata":{"metadata":{"requestId":"9129324c-6f4f-4d35-91d7-c35f377ba791","requiredRole":"ADMIN","userId":7,"userRole":"MEMBER"},"timestamp":"2026-04-01 11:56:40"}}
{"level":"warn","message":"Validation failed","metadata":{"metadata":{"code":"ERR_VAL_INVALID_PAYLOAD","errors":[{"field":"email","message":"Invalid email format"},{"field":"password","message":"Invalid input: expected string, received undefined"}],"requestId":"dc7fb2fd-7296-46ef-8c7e-b2329d65ce20"},"timestamp":"2026-04-01 11:57:24"}}
{"level":"warn","message":"Access denied: no valid token provided","metadata":{"metadata":{"requestId":"263d9dcb-4d5a-4034-9d8d-e70a64ed6b26"},"timestamp":"2026-04-01 11:57:24"}}
{"level":"warn","message":"Access denied: no valid token provided","metadata":{"metadata":{"requestId":"57adb253-92be-4fdd-b69f-25073dcc60c1"},"timestamp":"2026-04-01 11:57:24"}}
{"level":"warn","message":"Access denied: no valid token provided","metadata":{"metadata":{"requestId":"0b37948c-c0f2-404a-b230-9f1317d516a6"},"timestamp":"2026-04-01 11:57:24"}}
{"level":"info","message":"User created","metadata":{"metadata":{"createdBy":8,"email":"integration.disabled.1775062643885@opstrack.mil","requestId":"e37ff283-3331-400f-9760-b160c2d22f87","userId":187},"timestamp":"2026-04-01 11:57:24"}}
{"level":"info","message":"User updated","metadata":{"metadata":{"requestId":"551069f9-f9cb-41f9-8cc0-06050e9d5485","updatedBy":8,"userId":"187"},"timestamp":"2026-04-01 11:57:24"}}
{"level":"warn","message":"Login denied: account deactivated","metadata":{"metadata":{"requestId":"c5a153d4-12df-465d-86e2-41e2496178f0","userId":187},"timestamp":"2026-04-01 11:57:24"}}
{"level":"warn","message":"Audit access denied: non-admin user","metadata":{"metadata":{"requestId":"858e4c8c-565e-4f09-a0e8-7e5e16dcac3d","userId":7},"timestamp":"2026-04-01 11:57:24"}}
{"level":"warn","message":"Access denied: insufficient role","metadata":{"metadata":{"requestId":"f7b574ed-b149-4858-aa82-37dc7b4f664d","requiredRole":"ADMIN","userId":7,"userRole":"MEMBER"},"timestamp":"2026-04-01 11:57:24"}}
{"level":"info","message":"User created","metadata":{"metadata":{"createdBy":8,"email":"integration.pvt.1775062643885@opstrack.mil","requestId":"8b1913ed-c22d-4081-98cb-497035311b9a","userId":188},"timestamp":"2026-04-01 11:57:24"}}
{"level":"warn","message":"Access denied: insufficient clearance","metadata":{"metadata":{"requestId":"277afd98-7fe1-4a80-8da6-3ee2b65c00b6","requiredClearance":"SECRET","userClearance":"UNCLASSIFIED","userId":188},"timestamp":"2026-04-01 11:57:24"}}
{"level":"info","message":"User created","metadata":{"metadata":{"createdBy":8,"email":"integration.dup.1775062643885@opstrack.mil","requestId":"5d44f3e7-925d-4d63-9427-0114f5ddd27e","userId":189},"timestamp":"2026-04-01 11:57:24"}}
{"level":"warn","message":"User creation failed: duplicate email","metadata":{"metadata":{"email":"integration.dup.1775062643885@opstrack.mil","requestId":"994ff567-c44f-414b-b819-0d69751555ba"},"timestamp":"2026-04-01 11:57:24"}}
{"level":"warn","message":"Task not found","metadata":{"metadata":{"requestId":"2ae5be0b-a944-4407-9fc6-a93adecb96c7","taskId":"999999","userId":7},"timestamp":"2026-04-01 11:57:24"}}
{"level":"warn","message":"Task not found during update","metadata":{"metadata":{"requestId":"c50b8616-294d-46c2-b64c-ebc2c160c0ee","taskId":"999999","userId":7},"timestamp":"2026-04-01 11:57:24"}}
{"level":"warn","message":"Invalid task id during update","metadata":{"metadata":{"requestId":"b140ecb9-571e-4f71-80c4-74a5c597613f","taskId":"abc","userId":7},"timestamp":"2026-04-01 11:57:24"}}
{"level":"warn","message":"Task not found during delete","metadata":{"metadata":{"requestId":"d74abbba-bf91-4455-a803-150d5f211e04","taskId":"999999","userId":8},"timestamp":"2026-04-01 11:57:24"}}
{"level":"warn","message":"Invalid task id during delete","metadata":{"metadata":{"requestId":"9b4c5732-4de1-4c5b-891b-e195dfff5bde","taskId":"abc","userId":8},"timestamp":"2026-04-01 11:57:24"}}
{"level":"warn","message":"Access denied: insufficient role","metadata":{"metadata":{"requestId":"3a0048c6-4559-421a-98e4-afc714141943","requiredRole":"ADMIN","userId":7,"userRole":"MEMBER"},"timestamp":"2026-04-01 11:57:24"}}
{"level":"warn","message":"User not found","metadata":{"metadata":{"requestId":"a8877a9d-6204-4ecd-8bce-ff38f1667052","requesterId":8,"userId":"999999"},"timestamp":"2026-04-01 11:57:24"}}
{"level":"info","message":"User created","metadata":{"metadata":{"createdBy":8,"email":"integration.updateable.1775062643885@opstrack.mil","requestId":"bf75c5a4-591f-4431-bb55-c6e5ce7e2407","userId":191},"timestamp":"2026-04-01 11:57:24"}}
{"level":"info","message":"User updated","metadata":{"metadata":{"requestId":"3f891302-c7f0-4a29-8fab-0cd98841e7da","updatedBy":8,"userId":"191"},"timestamp":"2026-04-01 11:57:24"}}
{"level":"info","message":"User created","metadata":{"metadata":{"createdBy":8,"email":"integration.deactivate.1775062643885@opstrack.mil","requestId":"76a53d43-402d-416e-b2e8-c741ef30795f","userId":192},"timestamp":"2026-04-01 11:57:24"}}
{"level":"info","message":"User updated","metadata":{"metadata":{"requestId":"a6a692b2-cd11-4a4c-b410-3f56b61d1028","updatedBy":8,"userId":"192"},"timestamp":"2026-04-01 11:57:24"}}
{"level":"warn","message":"Access denied: insufficient role","metadata":{"metadata":{"requestId":"c1eb3ba9-19bf-4e0c-9613-b8508b68439e","requiredRole":"ADMIN","userId":7,"userRole":"MEMBER"},"timestamp":"2026-04-01 11:57:24"}}
{"level":"info","message":"OpsTrack Server is running on port 5000","metadata":{"metadata":{"environment":"production","port":"5000"},"timestamp":"2026-04-01 11:57:30"}}
{"level":"warn","message":"Access denied: no valid token provided","metadata":{"metadata":{"requestId":"331f4baf-e595-4bbb-910c-ed3f0b6b7888"},"timestamp":"2026-04-01 11:57:30"}}
{"level":"info","message":"OpsTrack Server is running on port 5000","metadata":{"metadata":{"environment":"production","port":"5000"},"timestamp":"2026-04-01 11:59:39"}}
{"level":"warn","message":"Access denied: no valid token provided","metadata":{"metadata":{"requestId":"b4f3e038-925b-4ab9-afcd-3650efe5421f"},"timestamp":"2026-04-01 11:59:40"}}
{"level":"warn","message":"Validation failed","metadata":{"metadata":{"code":"ERR_VAL_INVALID_PAYLOAD","errors":[{"field":"email","message":"Invalid email format"},{"field":"password","message":"Invalid input: expected string, received undefined"}],"requestId":"a1ca230f-1b3f-42bb-9a4a-31f8100345ff"},"timestamp":"2026-04-01 12:50:43"}}
{"level":"warn","message":"Access denied: no valid token provided","metadata":{"metadata":{"requestId":"3115d303-7da8-4cc7-ad0a-22200f42bd6d"},"timestamp":"2026-04-01 12:50:43"}}
{"level":"warn","message":"Access denied: no valid token provided","metadata":{"metadata":{"requestId":"18bf2236-29b2-49cc-a6aa-ea1c7b5e8ec0"},"timestamp":"2026-04-01 12:50:43"}}
{"level":"warn","message":"Access denied: no valid token provided","metadata":{"metadata":{"requestId":"86160101-aa12-4467-9ce3-e18b96be85a1"},"timestamp":"2026-04-01 12:50:43"}}
{"level":"info","message":"User created","metadata":{"metadata":{"createdBy":8,"email":"integration.disabled.1775065843550@opstrack.mil","requestId":"ada494a8-4295-43ea-bf48-857b41845f9f","userId":193},"timestamp":"2026-04-01 12:50:43"}}
{"level":"info","message":"User updated","metadata":{"metadata":{"requestId":"57b339ac-0c1b-42df-bab8-c0c3bcccb888","updatedBy":8,"userId":"193"},"timestamp":"2026-04-01 12:50:43"}}
{"level":"warn","message":"Login denied: account deactivated","metadata":{"metadata":{"requestId":"a3a251f0-313f-4ff5-9e4c-0c69f553c4f8","userId":193},"timestamp":"2026-04-01 12:50:43"}}
{"level":"warn","message":"Audit access denied: non-admin user","metadata":{"metadata":{"requestId":"688930fd-a8d9-438e-a2fd-ae755f9bb84d","userId":7},"timestamp":"2026-04-01 12:50:43"}}
{"level":"warn","message":"Access denied: insufficient role","metadata":{"metadata":{"requestId":"88e0701f-ef76-46a1-be71-3b4aa6ed185c","requiredRole":"ADMIN","userId":7,"userRole":"MEMBER"},"timestamp":"2026-04-01 12:50:43"}}
{"level":"info","message":"User created","metadata":{"metadata":{"createdBy":8,"email":"integration.pvt.1775065843550@opstrack.mil","requestId":"24958825-562d-42fd-9a43-bbb0a5b7ab2a","userId":194},"timestamp":"2026-04-01 12:50:43"}}
{"level":"warn","message":"Access denied: insufficient clearance","metadata":{"metadata":{"requestId":"01a9607a-eb3d-491a-a08f-80da88bdabbc","requiredClearance":"SECRET","userClearance":"UNCLASSIFIED","userId":194},"timestamp":"2026-04-01 12:50:44"}}
{"level":"info","message":"User created","metadata":{"metadata":{"createdBy":8,"email":"integration.dup.1775065843550@opstrack.mil","requestId":"e7954e91-94b4-42ca-9ce2-243315b19212","userId":195},"timestamp":"2026-04-01 12:50:44"}}
{"level":"warn","message":"User creation failed: duplicate email","metadata":{"metadata":{"email":"integration.dup.1775065843550@opstrack.mil","requestId":"f5c06823-af69-4551-9958-3913a1a2b682"},"timestamp":"2026-04-01 12:50:44"}}
{"level":"warn","message":"Task not found","metadata":{"metadata":{"requestId":"b7c2a58c-31bb-4c2e-b016-764993dfb5a4","taskId":"999999","userId":7},"timestamp":"2026-04-01 12:50:44"}}
{"level":"warn","message":"Task not found during update","metadata":{"metadata":{"requestId":"b03f1643-6a33-4de2-b5ba-4fb425f10d5e","taskId":"999999","userId":7},"timestamp":"2026-04-01 12:50:44"}}
{"level":"warn","message":"Invalid task id during update","metadata":{"metadata":{"requestId":"cb59d85b-3bca-4bca-88fa-ae105fd3b6e8","taskId":"abc","userId":7},"timestamp":"2026-04-01 12:50:44"}}
{"level":"warn","message":"Task not found during delete","metadata":{"metadata":{"requestId":"fb652bb1-bf94-46ab-8846-c8e48e3787ca","taskId":"999999","userId":8},"timestamp":"2026-04-01 12:50:44"}}
{"level":"warn","message":"Invalid task id during delete","metadata":{"metadata":{"requestId":"4f0bc190-3304-4661-a84c-ea2255b1b5a7","taskId":"abc","userId":8},"timestamp":"2026-04-01 12:50:44"}}
{"level":"warn","message":"Access denied: insufficient role","metadata":{"metadata":{"requestId":"976257ed-3cf2-4540-85ab-756119d44850","requiredRole":"ADMIN","userId":7,"userRole":"MEMBER"},"timestamp":"2026-04-01 12:50:44"}}
{"level":"warn","message":"User not found","metadata":{"metadata":{"requestId":"84932d11-4a25-476c-8fda-dd0b1d2890ad","requesterId":8,"userId":"999999"},"timestamp":"2026-04-01 12:50:44"}}
{"level":"info","message":"User created","metadata":{"metadata":{"createdBy":8,"email":"integration.updateable.1775065843550@opstrack.mil","requestId":"7b350b57-bf8e-40e4-9562-f19beb04d1de","userId":197},"timestamp":"2026-04-01 12:50:44"}}
{"level":"info","message":"User updated","metadata":{"metadata":{"requestId":"87d248d5-8a00-438f-8dc6-77f9a4fb96d1","updatedBy":8,"userId":"197"},"timestamp":"2026-04-01 12:50:44"}}
{"level":"info","message":"User created","metadata":{"metadata":{"createdBy":8,"email":"integration.deactivate.1775065843550@opstrack.mil","requestId":"19747b30-4924-4d76-8044-314356b5f63d","userId":198},"timestamp":"2026-04-01 12:50:44"}}
{"level":"info","message":"User updated","metadata":{"metadata":{"requestId":"821c661d-c0a6-488e-9249-1e9589d00a04","updatedBy":8,"userId":"198"},"timestamp":"2026-04-01 12:50:44"}}
{"level":"warn","message":"Access denied: insufficient role","metadata":{"metadata":{"requestId":"be61b65f-08d2-4097-ae24-67245019fef5","requiredRole":"ADMIN","userId":7,"userRole":"MEMBER"},"timestamp":"2026-04-01 12:50:44"}}
{"level":"info","message":"OpsTrack Server is running on port 5000","metadata":{"metadata":{"environment":"production","port":"5000"},"timestamp":"2026-04-01 12:50:49"}}
{"level":"warn","message":"Access denied: no valid token provided","metadata":{"metadata":{"requestId":"8236c492-08a8-4133-9aca-d6a31f79596d"},"timestamp":"2026-04-01 12:50:49"}}
{"level":"info","message":"OpsTrack Server is running on port 5000","metadata":{"metadata":{"environment":"production","port":"5000"},"timestamp":"2026-04-01 13:08:30"}}
{"level":"warn","message":"Access denied: no valid token provided","metadata":{"metadata":{"requestId":"59b751c8-c2b2-41ad-9a77-6ba6c15faa81"},"timestamp":"2026-04-01 13:08:30"}}
{"level":"info","message":"OpsTrack Server is running on port 5000","metadata":{"metadata":{"environment":"production","port":"5000"},"timestamp":"2026-04-01 13:08:36"}}
{"level":"warn","message":"Access denied: no valid token provided","metadata":{"metadata":{"requestId":"ff77b9f0-421c-4edc-9748-23a5582af774"},"timestamp":"2026-04-01 13:08:36"}}
